#
# There is insufficient memory for the Java Runtime Environment to continue.
# Native memory allocation (mmap) failed to map 266338304 bytes for Failed to commit area from 0x0000000703000000 to 0x0000000712e00000 of length 266338304.
# Possible reasons:
#   The system is out of physical RAM or swap space
#   The process is running with CompressedOops enabled, and the Java Heap may be blocking the growth of the native heap
# Possible solutions:
#   Reduce memory load on the system
#   Increase physical memory or swap space
#   Check if swap backing store is full
#   Decrease Java heap size (-Xmx/-Xms)
#   Decrease number of Java threads
#   Decrease Java thread stack sizes (-Xss)
#   Set larger code cache with -XX:ReservedCodeCacheSize=
# This output file may be truncated or incomplete.
#
#  Out of Memory Error (./open/src/hotspot/os/windows/os_windows.cpp:3284), pid=13808, tid=17876
#
# JRE version:  (11.0.14+8) (build )
# Java VM: Java HotSpot(TM) 64-Bit Server VM (11.0.14+8-LTS-263, mixed mode, sharing, tiered, compressed oops, g1 gc, windows-amd64)
# No core dump will be written. Minidumps are not enabled by default on client versions of Windows
#

---------------  S U M M A R Y ------------

Command Line: -javaagent:C:\Program Files\JetBrains\IntelliJ IDEA 2021.2.2\lib\idea_rt.jar=14995:C:\Program Files\JetBrains\IntelliJ IDEA 2021.2.2\bin -Dfile.encoding=UTF-8 Main

Host: Intel(R) Core(TM) i5-9300H CPU @ 2.40GHz, 8 cores, 15G,  Windows 10 , 64 bit Build 19041 (10.0.19041.928)
Time: Sat Jun 11 14:12:51 2022 Turkey Standard Time elapsed time: 0.017044 seconds (0d 0h 0m 0s)

---------------  T H R E A D  ---------------

Current thread (0x000001af0803e800):  JavaThread "Unknown thread" [_thread_in_vm, id=17876, stack(0x0000007b93b00000,0x0000007b93c00000)]

Stack: [0x0000007b93b00000,0x0000007b93c00000]
Native frames: (J=compiled Java code, j=interpreted, Vv=VM code, C=native code)
V  [jvm.dll+0x6296da]
V  [jvm.dll+0x76323f]
V  [jvm.dll+0x7648e9]
V  [jvm.dll+0x764f73]
V  [jvm.dll+0x23d7c8]
V  [jvm.dll+0x626a5a]
V  [jvm.dll+0x61b7f5]
V  [jvm.dll+0x2f262c]
V  [jvm.dll+0x2f24b2]
V  [jvm.dll+0x2f71d6]
V  [jvm.dll+0x339bdf]
V  [jvm.dll+0x339610]
V  [jvm.dll+0x2cfc48]
V  [jvm.dll+0x2d0db6]
V  [jvm.dll+0x73d857]
V  [jvm.dll+0x73f0ef]
V  [jvm.dll+0x346909]
V  [jvm.dll+0x723160]
V  [jvm.dll+0x3b551f]
V  [jvm.dll+0x3b7631]
C  [jli.dll+0x5207]
C  [ucrtbase.dll+0x21bb2]
C  [KERNEL32.DLL+0x17034]
C  [ntdll.dll+0x52651]


---------------  P R O C E S S  ---------------

Threads class SMR info:
_java_thread_list=0x000001af07f090d0, length=0, elements={
}

Java Threads: ( => current thread )

Other Threads:
  0x000001af08054000 GCTaskThread "GC Thread#0" [stack: 0x0000007b93c00000,0x0000007b93d00000] [id=13848]
  0x000001af080a9800 ConcurrentGCThread "G1 Main Marker" [stack: 0x0000007b93d00000,0x0000007b93e00000] [id=1132]
  0x000001af080ac000 ConcurrentGCThread "G1 Conc#0" [stack: 0x0000007b93e00000,0x0000007b93f00000] [id=16640]

[error occurred during error reporting (printing all threads), id 0xc0000005, EXCEPTION_ACCESS_VIOLATION (0xc0000005) at pc=0x00007ffdf76deed7]

VM state:not at safepoint (not fully initialized)

VM Mutex/Monitor currently owned by a thread:  ([mutex/lock_event])
[0x000001af0803a670] Heap_lock - owner thread: 0x000001af0803e800

Heap address: 0x0000000703000000, size: 4048 MB, Compressed Oops mode: Non-zero based: 0x0000000703000000
Narrow klass base: 0x0000000000000000, Narrow klass shift: 0

GC Heap History (0 events):
No events

Deoptimization events (0 events):
No events

Classes redefined (0 events):
No events

Internal exceptions (0 events):
No events

Events (0 events):
No events


Dynamic libraries:
0x00007ff6b9c40000 - 0x00007ff6b9c4f000 	C:\Program Files\Java\jdk-11.0.14\bin\java.exe
0x00007ffe8d430000 - 0x00007ffe8d625000 	C:\Windows\SYSTEM32\ntdll.dll
0x00007ffe8c210000 - 0x00007ffe8c2cd000 	C:\Windows\System32\KERNEL32.DLL
0x00007ffe8ace0000 - 0x00007ffe8afa8000 	C:\Windows\System32\KERNELBASE.dll
0x00007ffe8b360000 - 0x00007ffe8b460000 	C:\Windows\System32\ucrtbase.dll
0x00007ffe77c40000 - 0x00007ffe77c55000 	C:\Program Files\Java\jdk-11.0.14\bin\VCRUNTIME140.dll
0x00007ffe77b70000 - 0x00007ffe77b88000 	C:\Program Files\Java\jdk-11.0.14\bin\jli.dll
0x00007ffe8d310000 - 0x00007ffe8d3bc000 	C:\Windows\System32\ADVAPI32.dll
0x00007ffe8b900000 - 0x00007ffe8b99e000 	C:\Windows\System32\msvcrt.dll
0x00007ffe8bf60000 - 0x00007ffe8bffb000 	C:\Windows\System32\sechost.dll
0x00007ffe8bbb0000 - 0x00007ffe8bcdb000 	C:\Windows\System32\RPCRT4.dll
0x00007ffe8c940000 - 0x00007ffe8cae0000 	C:\Windows\System32\USER32.dll
0x00007ffe8b460000 - 0x00007ffe8b482000 	C:\Windows\System32\win32u.dll
0x00007ffe751f0000 - 0x00007ffe7548a000 	C:\Windows\WinSxS\amd64_microsoft.windows.common-controls_6595b64144ccf1df_6.0.19041.844_none_ca00b6081b84eb1d\COMCTL32.dll
0x00007ffe8d3c0000 - 0x00007ffe8d3ea000 	C:\Windows\System32\GDI32.dll
0x00007ffe8b250000 - 0x00007ffe8b35b000 	C:\Windows\System32\gdi32full.dll
0x00007ffe8ac40000 - 0x00007ffe8acdd000 	C:\Windows\System32\msvcp_win.dll
0x00007ffe839f0000 - 0x00007ffe839fa000 	C:\Windows\SYSTEM32\VERSION.dll
0x00007ffe8c6f0000 - 0x00007ffe8c720000 	C:\Windows\System32\IMM32.DLL
0x00007ffe47e50000 - 0x00007ffe47eeb000 	C:\Program Files\Java\jdk-11.0.14\bin\msvcp140.dll
0x00007ffdf7400000 - 0x00007ffdf7f16000 	C:\Program Files\Java\jdk-11.0.14\bin\server\jvm.dll
0x00007ffe8c000000 - 0x00007ffe8c008000 	C:\Windows\System32\PSAPI.DLL
0x00007ffe7b690000 - 0x00007ffe7b6b7000 	C:\Windows\SYSTEM32\WINMM.dll
0x00007ffe6a2e0000 - 0x00007ffe6a2e9000 	C:\Windows\SYSTEM32\WSOCK32.dll
0x00007ffe8c1a0000 - 0x00007ffe8c20b000 	C:\Windows\System32\WS2_32.dll
0x00007ffe89470000 - 0x00007ffe89482000 	C:\Windows\SYSTEM32\kernel.appcore.dll
0x00007ffe77c30000 - 0x00007ffe77c40000 	C:\Program Files\Java\jdk-11.0.14\bin\verify.dll
0x00007ffe889a0000 - 0x00007ffe88b84000 	C:\Windows\SYSTEM32\DBGHELP.DLL
0x00007ffe6d840000 - 0x00007ffe6d86c000 	C:\Windows\SYSTEM32\dbgcore.DLL
0x00007ffe8abc0000 - 0x00007ffe8ac40000 	C:\Windows\System32\bcryptPrimitives.dll
0x00007ffe73300000 - 0x00007ffe73328000 	C:\Program Files\Java\jdk-11.0.14\bin\java.dll
0x00007ffe733e0000 - 0x00007ffe733ea000 	C:\Program Files\Java\jdk-11.0.14\bin\jimage.dll
0x00007ffe73130000 - 0x00007ffe7313e000 	C:\Program Files\Java\jdk-11.0.14\bin\instrument.dll
0x00007ffe71c10000 - 0x00007ffe71c26000 	C:\Program Files\Java\jdk-11.0.14\bin\zip.dll

dbghelp: loaded successfully - version: 4.0.5 - missing functions: none
symbol engine: initialized successfully - sym options: 0x614 - pdb path: .;C:\Program Files\Java\jdk-11.0.14\bin;C:\Windows\SYSTEM32;C:\Windows\WinSxS\amd64_microsoft.windows.common-controls_6595b64144ccf1df_6.0.19041.844_none_ca00b6081b84eb1d;C:\Program Files\Java\jdk-11.0.14\bin\server

VM Arguments:
jvm_args: -javaagent:C:\Program Files\JetBrains\IntelliJ IDEA 2021.2.2\lib\idea_rt.jar=14995:C:\Program Files\JetBrains\IntelliJ IDEA 2021.2.2\bin -Dfile.encoding=UTF-8 
java_command: Main
java_class_path (initial): C:\Users\Administrator\Desktop\Projects\TextBasedJavaGame\out\production\TextBasedJavaGame
Launcher Type: SUN_STANDARD

[Global flags]
     intx CICompilerCount                          = 4                                         {product} {ergonomic}
     uint ConcGCThreads                            = 2                                         {product} {ergonomic}
     uint G1ConcRefinementThreads                  = 8                                         {product} {ergonomic}
   size_t G1HeapRegionSize                         = 1048576                                   {product} {ergonomic}
    uintx GCDrainStackTargetSize                   = 64                                        {product} {ergonomic}
   size_t InitialHeapSize                          = 266338304                                 {product} {ergonomic}
   size_t MarkStackSize                            = 4194304                                   {product} {ergonomic}
   size_t MaxHeapSize                              = 4244635648                                {product} {ergonomic}
   size_t MinHeapDeltaBytes                        = 1048576                                   {product} {ergonomic}
    uintx NonNMethodCodeHeapSize                   = 5836300                                {pd product} {ergonomic}
    uintx NonProfiledCodeHeapSize                  = 122910970                              {pd product} {ergonomic}
    uintx ProfiledCodeHeapSize                     = 122910970                              {pd product} {ergonomic}
    uintx ReservedCodeCacheSize                    = 251658240                              {pd product} {ergonomic}
     bool SegmentedCodeCache                       = true                                      {product} {ergonomic}
     bool UseCompressedClassPointers               = true                                 {lp64_product} {ergonomic}
     bool UseCompressedOops                        = true                                 {lp64_product} {ergonomic}
     bool UseG1GC                                  = true                                      {product} {ergonomic}
     bool UseLargePagesIndividualAllocation        = false                                  {pd product} {ergonomic}

Logging:
Log output configuration:
 #0: stdout all=warning uptime,level,tags
 #1: stderr all=off uptime,level,tags

Environment Variables:
PATH=C:\Program Files (x86)\Eziriz\.NET Reactor;C:\Python310\Scripts;C:\MinGW\bin;C:\ProgramData\Anaconda3;C:\ProgramData\Anaconda3\Library\mingw-w64\bin;C:\ProgramData\Anaconda3\Library\usr\bin;C:\ProgramData\Anaconda3\Library\bin;C:\ProgramData\Anaconda3\Scripts;C:\Program Files\Common Files\Oracle\Java\javapath;C:\Windows\system32;C:\Windows;C:\Windows\System32\Wbem;C:\Windows\System32\WindowsPowerShell\v1.0\;C:\Windows\System32\OpenSSH\;C:\Program Files\dotnet\;C:\ProgramData\chocolatey\bin;C:\Program Files (x86)\VMware\VMware Workstation\bin\;C:\apktool;C:\Program Files\Git\cmd;C:\Program Files\nodejs\;C:\Users\Administrator\AppData\Local\Android\sdk\emulator;C:\Users\Administrator\AppData\Local\Android\sdk\platform-tools;C:\Program Files\OpenSSL-Win64\bin;C:\Program Files\Microsoft SQL Server\150\Tools\Binn\;C:\Program Files\CMake\bin;C:\Program Files (x86)\Microsoft\ILMerge;C:\ProgramFiles\.NET Reactor;C:\Program Files\Docker\Docker\resources\bin;C:\ProgramData\DockerDesktop\version-bin;C:\Program Files (x86)\Eziriz\.NET Reactor;C:\Python310\Scripts;C:\MinGW\bin;C:\ProgramData\Anaconda3;C:\ProgramData\Anaconda3\Library\mingw-w64\bin;C:\ProgramData\Anaconda3\Library\usr\bin;C:\ProgramData\Anaconda3\Library\bin;C:\ProgramData\Anaconda3\Scripts;C:\Program Files\Common Files\Oracle\Java\javapath;C:\Windows\system32;C:\Windows;C:\Windows\System32\Wbem;C:\Windows\System32\WindowsPowerShell\v1.0\;C:\Windows\System32\OpenSSH\;C:\Program Files\dotnet\;C:\ProgramData\chocolatey\bin;C:\Program Files (x86)\VMware\VMware Workstation\bin\;C:\apktool;C:\Program Files\Git\cmd;C:\Program Files\nodejs\;C:\Users\Administrator\AppData\Local\Android\sdk\emulator;C:\Users\Administrator\AppData\Local\Android\sdk\platform-tools;C:\Program Files\OpenSSL-Win64\bin;C:\Program Files\Microsoft SQL Server\150\Tools\Binn\;C:\Program Files\CMake\bin;C:\Program Files (x86)\Microsoft\ILMerge;C:\ProgramFiles\.NET Reactor;C:\Program Files\Docker\Docker\resources\bin;C:\ProgramData\DockerDesktop\ve
USERNAME=Administrator
OS=Windows_NT
PROCESSOR_IDENTIFIER=Intel64 Family 6 Model 158 Stepping 10, GenuineIntel



---------------  S Y S T E M  ---------------

OS: Windows 10 , 64 bit Build 19041 (10.0.19041.928)

CPU:total 8 (initial active 8) (4 cores per cpu, 2 threads per core) family 6 model 158 stepping 10 microcode 0xea, cmov, cx8, fxsr, mmx, sse, sse2, sse3, ssse3, sse4.1, sse4.2, popcnt, avx, avx2, aes, clmul, erms, 3dnowpref, lzcnt, ht, tsc, tscinvbit, bmi1, bmi2, adx, fma

Memory: 4k page, system-wide physical 16191M (5146M free)
TotalPageFile size 19191M (AvailPageFile size 164M)
current process WorkingSet (physical memory assigned to process): 10M, peak: 10M
current process commit charge ("private bytes"): 60M, peak: 314M

vm_info: Java HotSpot(TM) 64-Bit Server VM (11.0.14+8-LTS-263) for windows-amd64 JRE (11.0.14+8-LTS-263), built on Dec  7 2021 21:53:57 by "mach5one" with MS VC++ 15.9 (VS2017)

END.
